Using pre-set license
Built from '2021.2/staging' branch; Version is '2021.2.8f1 (d0e5f0a7b06a) revision 13690352'; Using compiler version '192829333'; Build Type 'Release'
OS: 'Windows 10  (10.0.19044) 64bit CoreSingleLanguage' Language: 'en' Physical Memory: 8078 MB
BatchMode: 1, IsHumanControllingUs: 0, StartBugReporterOnCrash: 0, Is64bit: 1, IsPro: 0

COMMAND LINE ARGUMENTS:
C:\Program Files\Unity\Hub\Editor\2021.2.8f1\Editor\Unity.exe
-adb2
-batchMode
-noUpm
-name
AssetImportWorker4
-projectPath
C:/Users/Ibrahim Mekkaoui/OneDrive/Desktop/174 brief 3 git/Brief 3 -GAD 174
-logFile
Logs/AssetImportWorker4.log
-srvPort
53255
Successfully changed project path to: C:/Users/Ibrahim Mekkaoui/OneDrive/Desktop/174 brief 3 git/Brief 3 -GAD 174
C:/Users/Ibrahim Mekkaoui/OneDrive/Desktop/174 brief 3 git/Brief 3 -GAD 174
[UnityMemory] Configuration Parameters - Can be set up in boot.config
    "memorysetup-bucket-allocator-granularity=16"
    "memorysetup-bucket-allocator-bucket-count=8"
    "memorysetup-bucket-allocator-block-size=33554432"
    "memorysetup-bucket-allocator-block-count=8"
    "memorysetup-main-allocator-block-size=16777216"
    "memorysetup-thread-allocator-block-size=16777216"
    "memorysetup-gfx-main-allocator-block-size=16777216"
    "memorysetup-gfx-thread-allocator-block-size=16777216"
    "memorysetup-cache-allocator-block-size=4194304"
    "memorysetup-typetree-allocator-block-size=2097152"
    "memorysetup-profiler-bucket-allocator-granularity=16"
    "memorysetup-profiler-bucket-allocator-bucket-count=8"
    "memorysetup-profiler-bucket-allocator-block-size=33554432"
    "memorysetup-profiler-bucket-allocator-block-count=8"
    "memorysetup-profiler-allocator-block-size=16777216"
    "memorysetup-profiler-editor-allocator-block-size=1048576"
    "memorysetup-temp-allocator-size-main=16777216"
    "memorysetup-job-temp-allocator-block-size=2097152"
    "memorysetup-job-temp-allocator-block-size-background=1048576"
    "memorysetup-job-temp-allocator-reduction-small-platforms=262144"
    "memorysetup-temp-allocator-size-background-worker=32768"
    "memorysetup-temp-allocator-size-job-worker=262144"
    "memorysetup-temp-allocator-size-preload-manager=33554432"
    "memorysetup-temp-allocator-size-nav-mesh-worker=65536"
    "memorysetup-temp-allocator-size-audio-worker=65536"
    "memorysetup-temp-allocator-size-cloud-worker=32768"
    "memorysetup-temp-allocator-size-gi-baking-worker=262144"
    "memorysetup-temp-allocator-size-gfx=262144"
Refreshing native plugins compatible for Editor in 111.44 ms, found 3 plugins.
Preloading 0 native plugins for Editor in 0.00 ms.
Initialize engine version: 2021.2.8f1 (d0e5f0a7b06a)
[Subsystems] Discovering subsystems at path C:/Program Files/Unity/Hub/Editor/2021.2.8f1/Editor/Data/Resources/UnitySubsystems
[Subsystems] Discovering subsystems at path C:/Users/Ibrahim Mekkaoui/OneDrive/Desktop/174 brief 3 git/Brief 3 -GAD 174/Assets
GfxDevice: creating device client; threaded=0; jobified=0
Direct3D:
    Version:  Direct3D 11.0 [level 11.0]
    Renderer: NVIDIA GeForce 940MX (ID=0x134d)
    Vendor:   NVIDIA
    VRAM:     2010 MB
    Driver:   30.0.15.1169
Initialize mono
Mono path[0] = 'C:/Program Files/Unity/Hub/Editor/2021.2.8f1/Editor/Data/Managed'
Mono path[1] = 'C:/Program Files/Unity/Hub/Editor/2021.2.8f1/Editor/Data/MonoBleedingEdge/lib/mono/unityjit-win32'
Mono config path = 'C:/Program Files/Unity/Hub/Editor/2021.2.8f1/Editor/Data/MonoBleedingEdge/etc'
Using monoOptions --debugger-agent=transport=dt_socket,embedding=1,server=y,suspend=n,address=127.0.0.1:56860
Begin MonoManager ReloadAssembly
Registering precompiled unity dll's ...
Register platform support module: C:/Program Files/Unity/Hub/Editor/2021.2.8f1/Editor/Data/PlaybackEngines/WindowsStandaloneSupport/UnityEditor.WindowsStandalone.Extensions.dll
Registered in 0.009643 seconds.
Native extension for WindowsStandalone target not found
Refreshing native plugins compatible for Editor in 97.70 ms, found 3 plugins.
Preloading 0 native plugins for Editor in 0.00 ms.
Mono: successfully reloaded assembly
- Completed reload, in  1.016 seconds
Domain Reload Profiling:
	ReloadAssembly (1016ms)
		BeginReloadAssembly (202ms)
			ExecutionOrderSort (0ms)
			DisableScriptedObjects (0ms)
			BackupInstance (0ms)
			ReleaseScriptingObjects (0ms)
			CreateAndSetChildDomain (1ms)
		EndReloadAssembly (651ms)
			LoadAssemblies (199ms)
			RebuildTransferFunctionScriptingTraits (0ms)
			SetupTypeCache (149ms)
			ReleaseScriptCaches (0ms)
			RebuildScriptCaches (45ms)
			SetupLoadedEditorAssemblies (382ms)
				LogAssemblyErrors (0ms)
				InitializePlatformSupportModulesInManaged (21ms)
				SetLoadedEditorAssemblies (0ms)
				RefreshPlugins (98ms)
				BeforeProcessingInitializeOnLoad (1ms)
				ProcessInitializeOnLoadAttributes (189ms)
				ProcessInitializeOnLoadMethodAttributes (73ms)
				AfterProcessingInitializeOnLoad (0ms)
				EditorAssembliesLoaded (0ms)
			ExecutionOrderSort2 (0ms)
			AwakeInstancesAfterBackupRestoration (0ms)
Platform modules already initialized, skipping
Registering precompiled user dll's ...
Registered in 0.007885 seconds.
Begin MonoManager ReloadAssembly
Symbol file LoadedFromMemory doesn't match image C:\Users\Ibrahim Mekkaoui\OneDrive\Desktop\174 brief 3 git\Brief 3 -GAD 174\Library\PackageCache\com.unity.visualscripting@1.7.8\Editor\VisualScripting.Core\Dependencies\YamlDotNet\Unity.VisualScripting.YamlDotNet.dll
Symbol file LoadedFromMemory doesn't match image C:\Users\Ibrahim Mekkaoui\OneDrive\Desktop\174 brief 3 git\Brief 3 -GAD 174\Library\PackageCache\com.unity.visualscripting@1.7.8\Editor\VisualScripting.Core\Dependencies\DotNetZip\Unity.VisualScripting.IonicZip.dll
Native extension for WindowsStandalone target not found
Refreshing native plugins compatible for Editor in 0.76 ms, found 3 plugins.
Preloading 0 native plugins for Editor in 0.00 ms.
Mono: successfully reloaded assembly
- Completed reload, in  3.483 seconds
Domain Reload Profiling:
	ReloadAssembly (3484ms)
		BeginReloadAssembly (554ms)
			ExecutionOrderSort (0ms)
			DisableScriptedObjects (17ms)
			BackupInstance (0ms)
			ReleaseScriptingObjects (0ms)
			CreateAndSetChildDomain (64ms)
		EndReloadAssembly (2172ms)
			LoadAssemblies (510ms)
			RebuildTransferFunctionScriptingTraits (0ms)
			SetupTypeCache (975ms)
			ReleaseScriptCaches (1ms)
			RebuildScriptCaches (74ms)
			SetupLoadedEditorAssemblies (790ms)
				LogAssemblyErrors (0ms)
				InitializePlatformSupportModulesInManaged (20ms)
				SetLoadedEditorAssemblies (1ms)
				RefreshPlugins (2ms)
				BeforeProcessingInitializeOnLoad (186ms)
				ProcessInitializeOnLoadAttributes (537ms)
				ProcessInitializeOnLoadMethodAttributes (32ms)
				AfterProcessingInitializeOnLoad (13ms)
				EditorAssembliesLoaded (0ms)
			ExecutionOrderSort2 (0ms)
			AwakeInstancesAfterBackupRestoration (7ms)
Platform modules already initialized, skipping
========================================================================
Worker process is ready to serve import requests
Launched and connected shader compiler UnityShaderCompiler.exe after 0.12 seconds
Refreshing native plugins compatible for Editor in 1.21 ms, found 3 plugins.
Preloading 0 native plugins for Editor in 0.00 ms.
Unloading 3244 Unused Serialized files (Serialized files now loaded: 0)
Unloading 22 unused Assets / (56.1 KB). Loaded Objects now: 3707.
Memory consumption went from 115.8 MB to 115.8 MB.
Total: 17.139000 ms (FindLiveObjects: 2.154600 ms CreateObjectMapping: 0.729800 ms MarkObjects: 14.119400 ms  DeleteObjects: 0.131800 ms)

AssetImportParameters requested are different than current active one (requested -> active):
  custom:video-decoder-ogg-theora: a1e56fd34408186e4bbccfd4996cb3dc -> 
  custom:container-muxer-webm: aa71ff27fc2769a1b78a27578f13a17b -> 
  custom:container-demuxer-webm: 4f35f7cbe854078d1ac9338744f61a02 -> 
  custom:video-encoder-webm-vp8: eb34c28f22e8b96e1ab97ce403110664 -> 
  custom:video-codec-MediaFoundation-h265: 746d11721c4dcdbdad8f713fa42b33f4 -> 
  custom:audio-encoder-webm-vorbis: bf7c407c2cedff20999df2af8eb42d56 -> 
  custom:framework-win-MediaFoundation: 216162199b28c13a410421893ffa2e32 -> 
  custom:container-demuxer-ogg: 62fdf1f143b41e24485cea50d1cbac27 -> 
  custom:video-decoder-webm-vp8: 9c59270c3fd7afecdb556c50c9e8de78 -> 
  custom:audio-decoder-ogg-vorbis: bf7c407c2cedff20999df2af8eb42d56 -> 
========================================================================
Received Import Request.
  Time since last request: 64357.523519 seconds.
  path: Assets/rack in the back/logo texture/logo material.mat
  artifactKey: Guid(469f8407a0326b244b56dc963a338b57) Importer(815301076,1909f56bfc062723c751e8b465ee728b)
Start importing Assets/rack in the back/logo texture/logo material.mat using Guid(469f8407a0326b244b56dc963a338b57) Importer(815301076,1909f56bfc062723c751e8b465ee728b)  -> (artifact id: '6a4992da7d1ecc13ef722ac570e48707') in 0.228567 seconds 
========================================================================
Received Import Request.
  Time since last request: 42.116932 seconds.
  path: Assets/rack in the back/logo texture/Material _2_Normal.png
  artifactKey: Guid(113da36a302d72e4a8a8cbaa7824375f) Importer(815301076,1909f56bfc062723c751e8b465ee728b)
Start importing Assets/rack in the back/logo texture/Material _2_Normal.png using Guid(113da36a302d72e4a8a8cbaa7824375f) Importer(815301076,1909f56bfc062723c751e8b465ee728b)  -> (artifact id: '169b755511b658e5e3811df8dbc29b42') in 0.214379 seconds 
========================================================================
Received Import Request.
  Time since last request: 102.700867 seconds.
  path: Assets/rack in the back/dagger texture/Material _26_Base_color.png
  artifactKey: Guid(37eef8df219b52146b3ed798e9ad19d0) Importer(815301076,1909f56bfc062723c751e8b465ee728b)
Start importing Assets/rack in the back/dagger texture/Material _26_Base_color.png using Guid(37eef8df219b52146b3ed798e9ad19d0) Importer(815301076,1909f56bfc062723c751e8b465ee728b)  -> (artifact id: 'a8bb4d7e20751dcd3416b8deb352be2a') in 0.282448 seconds 
========================================================================
Received Import Request.
  Time since last request: 0.000095 seconds.
  path: Assets/rack in the back/dagger texture/Material _26_Normal.png
  artifactKey: Guid(05c46208a4be01c42b36c33d1b092fa7) Importer(815301076,1909f56bfc062723c751e8b465ee728b)
Start importing Assets/rack in the back/dagger texture/Material _26_Normal.png using Guid(05c46208a4be01c42b36c33d1b092fa7) Importer(815301076,1909f56bfc062723c751e8b465ee728b)  -> (artifact id: 'f73832cdbf6d4f0a6fe7e4d649c23b90') in 0.124680 seconds 
========================================================================
Received Import Request.
  Time since last request: 0.000884 seconds.
  path: Assets/rack in the back/dagger texture/Material _26_Roughness.png
  artifactKey: Guid(07d05cda0bd02624191164f6441bea0c) Importer(815301076,1909f56bfc062723c751e8b465ee728b)
Start importing Assets/rack in the back/dagger texture/Material _26_Roughness.png using Guid(07d05cda0bd02624191164f6441bea0c) Importer(815301076,1909f56bfc062723c751e8b465ee728b)  -> (artifact id: 'eda171d3cd39644ea35bd6d3b0a326ca') in 0.186251 seconds 
========================================================================
Received Import Request.
  Time since last request: 13.595564 seconds.
  path: Assets/rack in the back/dagger texture/dag material.mat
  artifactKey: Guid(d0661d00c6b519e4ebb5e4e72decc2b2) Importer(815301076,1909f56bfc062723c751e8b465ee728b)
Start importing Assets/rack in the back/dagger texture/dag material.mat using Guid(d0661d00c6b519e4ebb5e4e72decc2b2) Importer(815301076,1909f56bfc062723c751e8b465ee728b)  -> (artifact id: '4c76cf4f870101706cfb45481e0b935c') in 0.130713 seconds 
========================================================================
Received Import Request.
  Time since last request: 22.895681 seconds.
  path: Assets/rack in the back/dagger texture/Material _26_Normal.png
  artifactKey: Guid(05c46208a4be01c42b36c33d1b092fa7) Importer(815301076,1909f56bfc062723c751e8b465ee728b)
Start importing Assets/rack in the back/dagger texture/Material _26_Normal.png using Guid(05c46208a4be01c42b36c33d1b092fa7) Importer(815301076,1909f56bfc062723c751e8b465ee728b)  -> (artifact id: 'd880f263faff60ea537cdb893ed6f663') in 0.159895 seconds 
========================================================================
Received Import Request.
  Time since last request: 17.030606 seconds.
  path: Assets/rack in the back/table texture/Material _2_Normal_DirectX.png
  artifactKey: Guid(ca631a6455592ee479d57625c8f8fb47) Importer(815301076,1909f56bfc062723c751e8b465ee728b)
Start importing Assets/rack in the back/table texture/Material _2_Normal_DirectX.png using Guid(ca631a6455592ee479d57625c8f8fb47) Importer(815301076,1909f56bfc062723c751e8b465ee728b)  -> (artifact id: 'b7612746672ef789b9ff9bcdb3aa6986') in 0.130355 seconds 
========================================================================
Received Import Request.
  Time since last request: 503.144107 seconds.
  path: Assets/rack in the back/dagger texture/dag material.mat
  artifactKey: Guid(d0661d00c6b519e4ebb5e4e72decc2b2) Importer(815301076,1909f56bfc062723c751e8b465ee728b)
Start importing Assets/rack in the back/dagger texture/dag material.mat using Guid(d0661d00c6b519e4ebb5e4e72decc2b2) Importer(815301076,1909f56bfc062723c751e8b465ee728b)  -> (artifact id: 'a03a81816e8ced922888cb2f9ff451e3') in 0.090867 seconds 
========================================================================
Received Import Request.
  Time since last request: 770.914290 seconds.
  path: Assets/Animations
  artifactKey: Guid(6ff0b863da67377458426356beeb2452) Importer(815301076,1909f56bfc062723c751e8b465ee728b)
Start importing Assets/Animations using Guid(6ff0b863da67377458426356beeb2452) Importer(815301076,1909f56bfc062723c751e8b465ee728b)  -> (artifact id: '0d37eb6bc41513c2e4ab0fd22f23bb5c') in 0.025172 seconds 
========================================================================
Received Import Request.
  Time since last request: 1662.252007 seconds.
  path: Assets/UI sprits/Stat Box.png
  artifactKey: Guid(68abde8939e57664bbb1358e48ff6fb7) Importer(815301076,1909f56bfc062723c751e8b465ee728b)
Start importing Assets/UI sprits/Stat Box.png using Guid(68abde8939e57664bbb1358e48ff6fb7) Importer(815301076,1909f56bfc062723c751e8b465ee728b)  -> (artifact id: '6afa3ac7129750a2de16a439ee7a2e8b') in 0.419794 seconds 
========================================================================
Received Import Request.
  Time since last request: 0.000051 seconds.
  path: Assets/UI sprits/Stat Square.png
  artifactKey: Guid(216d19acfe93cbb41a32e33d7ecfe348) Importer(815301076,1909f56bfc062723c751e8b465ee728b)
Start importing Assets/UI sprits/Stat Square.png using Guid(216d19acfe93cbb41a32e33d7ecfe348) Importer(815301076,1909f56bfc062723c751e8b465ee728b)  -> (artifact id: '6aad7d01772e1aaab6f3661710878664') in 0.248052 seconds 
========================================================================
Received Import Request.
  Time since last request: 0.000500 seconds.
  path: Assets/UI sprits/Tooltip UI.png
  artifactKey: Guid(11fd74d97106f8a498f778d42ce8a045) Importer(815301076,1909f56bfc062723c751e8b465ee728b)
Start importing Assets/UI sprits/Tooltip UI.png using Guid(11fd74d97106f8a498f778d42ce8a045) Importer(815301076,1909f56bfc062723c751e8b465ee728b)  -> (artifact id: '0c626bc1ed28b3120cb69b31a456c3d2') in 0.136132 seconds 
========================================================================
Received Import Request.
  Time since last request: 23.644929 seconds.
  path: Assets/UI sprits/Pain.png
  artifactKey: Guid(7d7839cc334c12c489ecfebb992efd58) Importer(815301076,1909f56bfc062723c751e8b465ee728b)
Start importing Assets/UI sprits/Pain.png using Guid(7d7839cc334c12c489ecfebb992efd58) Importer(815301076,1909f56bfc062723c751e8b465ee728b)  -> (artifact id: '611a81036a8328d781439bc01f267af5') in 0.156253 seconds 
========================================================================
Received Import Request.
  Time since last request: 91.013215 seconds.
  path: Assets/UI sprits/Pain.png
  artifactKey: Guid(7d7839cc334c12c489ecfebb992efd58) Importer(815301076,1909f56bfc062723c751e8b465ee728b)
Start importing Assets/UI sprits/Pain.png using Guid(7d7839cc334c12c489ecfebb992efd58) Importer(815301076,1909f56bfc062723c751e8b465ee728b)  -> (artifact id: '4cf9a739c2a6453e7646197061bb276e') in 0.552571 seconds 
========================================================================
Received Prepare
Registering precompiled user dll's ...
Registered in 0.019524 seconds.
Begin MonoManager ReloadAssembly
Symbol file LoadedFromMemory doesn't match image C:\Users\Ibrahim Mekkaoui\OneDrive\Desktop\174 brief 3 git\Brief 3 -GAD 174\Library\PackageCache\com.unity.visualscripting@1.7.8\Editor\VisualScripting.Core\Dependencies\YamlDotNet\Unity.VisualScripting.YamlDotNet.dll
Symbol file LoadedFromMemory doesn't match image C:\Users\Ibrahim Mekkaoui\OneDrive\Desktop\174 brief 3 git\Brief 3 -GAD 174\Library\PackageCache\com.unity.visualscripting@1.7.8\Editor\VisualScripting.Core\Dependencies\DotNetZip\Unity.VisualScripting.IonicZip.dll
Native extension for WindowsStandalone target not found
Refreshing native plugins compatible for Editor in 3.08 ms, found 3 plugins.
Preloading 0 native plugins for Editor in 0.00 ms.
Mono: successfully reloaded assembly
- Completed reload, in  6.491 seconds
Domain Reload Profiling:
	ReloadAssembly (6495ms)
		BeginReloadAssembly (1079ms)
			ExecutionOrderSort (0ms)
			DisableScriptedObjects (59ms)
			BackupInstance (0ms)
			ReleaseScriptingObjects (0ms)
			CreateAndSetChildDomain (333ms)
		EndReloadAssembly (4754ms)
			LoadAssemblies (563ms)
			RebuildTransferFunctionScriptingTraits (0ms)
			SetupTypeCache (1525ms)
			ReleaseScriptCaches (13ms)
			RebuildScriptCaches (234ms)
			SetupLoadedEditorAssemblies (1772ms)
				LogAssemblyErrors (0ms)
				InitializePlatformSupportModulesInManaged (81ms)
				SetLoadedEditorAssemblies (2ms)
				RefreshPlugins (3ms)
				BeforeProcessingInitializeOnLoad (323ms)
				ProcessInitializeOnLoadAttributes (1129ms)
				ProcessInitializeOnLoadMethodAttributes (157ms)
				AfterProcessingInitializeOnLoad (76ms)
				EditorAssembliesLoaded (0ms)
			ExecutionOrderSort2 (0ms)
			AwakeInstancesAfterBackupRestoration (80ms)
Platform modules already initialized, skipping
Refreshing native plugins compatible for Editor in 4.08 ms, found 3 plugins.
Preloading 0 native plugins for Editor in 0.00 ms.
Unloading 3233 Unused Serialized files (Serialized files now loaded: 0)
Unloading 17 unused Assets / (24.5 KB). Loaded Objects now: 3925.
Memory consumption went from 155.9 MB to 155.9 MB.
Total: 13.297200 ms (FindLiveObjects: 0.402800 ms CreateObjectMapping: 0.321900 ms MarkObjects: 12.533400 ms  DeleteObjects: 0.036400 ms)

AssetImportParameters requested are different than current active one (requested -> active):
  custom:video-decoder-ogg-theora: a1e56fd34408186e4bbccfd4996cb3dc -> 
  custom:container-muxer-webm: aa71ff27fc2769a1b78a27578f13a17b -> 
  custom:container-demuxer-webm: 4f35f7cbe854078d1ac9338744f61a02 -> 
  custom:video-encoder-webm-vp8: eb34c28f22e8b96e1ab97ce403110664 -> 
  custom:video-codec-MediaFoundation-h265: 746d11721c4dcdbdad8f713fa42b33f4 -> 
  custom:audio-encoder-webm-vorbis: bf7c407c2cedff20999df2af8eb42d56 -> 
  custom:framework-win-MediaFoundation: 216162199b28c13a410421893ffa2e32 -> 
  custom:container-demuxer-ogg: 62fdf1f143b41e24485cea50d1cbac27 -> 
  custom:video-decoder-webm-vp8: 9c59270c3fd7afecdb556c50c9e8de78 -> 
  custom:audio-decoder-ogg-vorbis: bf7c407c2cedff20999df2af8eb42d56 -> 
========================================================================
Received Import Request.
  Time since last request: 1017.747847 seconds.
  path: Assets/Animations/Credits Animations.anim
  artifactKey: Guid(4ef22987d40c9944c8bb8c19aedcda93) Importer(815301076,1909f56bfc062723c751e8b465ee728b)
Start importing Assets/Animations/Credits Animations.anim using Guid(4ef22987d40c9944c8bb8c19aedcda93) Importer(815301076,1909f56bfc062723c751e8b465ee728b)  -> (artifact id: '95320a7e8dd2e3be14a867985f9fd783') in 0.082519 seconds 
========================================================================
Received Import Request.
  Time since last request: 3.997196 seconds.
  path: Assets/Animations/loading animation.anim
  artifactKey: Guid(c657fad904534d14e8d56360f0d6a9dc) Importer(815301076,1909f56bfc062723c751e8b465ee728b)
Start importing Assets/Animations/loading animation.anim using Guid(c657fad904534d14e8d56360f0d6a9dc) Importer(815301076,1909f56bfc062723c751e8b465ee728b)  -> (artifact id: 'cf61bab546bb82079b743df678c7f86d') in 0.039549 seconds 
========================================================================
Received Import Request.
  Time since last request: 10.436039 seconds.
  path: Assets/Animations/Canvas.controller
  artifactKey: Guid(5c3cb3277aa5e2e4fbb43b80b02c990c) Importer(815301076,1909f56bfc062723c751e8b465ee728b)
Start importing Assets/Animations/Canvas.controller using Guid(5c3cb3277aa5e2e4fbb43b80b02c990c) Importer(815301076,1909f56bfc062723c751e8b465ee728b)  -> (artifact id: '3a6d7489be38835fe943d5d11d28c5e5') in 0.029684 seconds 
========================================================================
Received Prepare
Registering precompiled user dll's ...
Registered in 0.168224 seconds.
Begin MonoManager ReloadAssembly
Symbol file LoadedFromMemory doesn't match image C:\Users\Ibrahim Mekkaoui\OneDrive\Desktop\174 brief 3 git\Brief 3 -GAD 174\Library\PackageCache\com.unity.visualscripting@1.7.8\Editor\VisualScripting.Core\Dependencies\YamlDotNet\Unity.VisualScripting.YamlDotNet.dll
Symbol file LoadedFromMemory doesn't match image C:\Users\Ibrahim Mekkaoui\OneDrive\Desktop\174 brief 3 git\Brief 3 -GAD 174\Library\PackageCache\com.unity.visualscripting@1.7.8\Editor\VisualScripting.Core\Dependencies\DotNetZip\Unity.VisualScripting.IonicZip.dll
Native extension for WindowsStandalone target not found
Refreshing native plugins compatible for Editor in 0.77 ms, found 3 plugins.
Preloading 0 native plugins for Editor in 0.00 ms.
Mono: successfully reloaded assembly
- Completed reload, in  6.173 seconds
Domain Reload Profiling:
	ReloadAssembly (6177ms)
		BeginReloadAssembly (934ms)
			ExecutionOrderSort (0ms)
			DisableScriptedObjects (51ms)
			BackupInstance (0ms)
			ReleaseScriptingObjects (0ms)
			CreateAndSetChildDomain (183ms)
		EndReloadAssembly (4851ms)
			LoadAssemblies (529ms)
			RebuildTransferFunctionScriptingTraits (0ms)
			SetupTypeCache (1354ms)
			ReleaseScriptCaches (4ms)
			RebuildScriptCaches (449ms)
			SetupLoadedEditorAssemblies (1853ms)
				LogAssemblyErrors (0ms)
				InitializePlatformSupportModulesInManaged (84ms)
				SetLoadedEditorAssemblies (1ms)
				RefreshPlugins (1ms)
				BeforeProcessingInitializeOnLoad (382ms)
				ProcessInitializeOnLoadAttributes (1154ms)
				ProcessInitializeOnLoadMethodAttributes (145ms)
				AfterProcessingInitializeOnLoad (85ms)
				EditorAssembliesLoaded (1ms)
			ExecutionOrderSort2 (0ms)
			AwakeInstancesAfterBackupRestoration (216ms)
Platform modules already initialized, skipping
Refreshing native plugins compatible for Editor in 1.15 ms, found 3 plugins.
Preloading 0 native plugins for Editor in 0.00 ms.
Unloading 3224 Unused Serialized files (Serialized files now loaded: 0)
Unloading 17 unused Assets / (24.6 KB). Loaded Objects now: 3928.
Memory consumption went from 155.6 MB to 155.5 MB.
Total: 13.588100 ms (FindLiveObjects: 3.103400 ms CreateObjectMapping: 4.677400 ms MarkObjects: 5.768100 ms  DeleteObjects: 0.036900 ms)

AssetImportParameters requested are different than current active one (requested -> active):
  custom:video-decoder-ogg-theora: a1e56fd34408186e4bbccfd4996cb3dc -> 
  custom:container-muxer-webm: aa71ff27fc2769a1b78a27578f13a17b -> 
  custom:container-demuxer-webm: 4f35f7cbe854078d1ac9338744f61a02 -> 
  custom:video-encoder-webm-vp8: eb34c28f22e8b96e1ab97ce403110664 -> 
  custom:video-codec-MediaFoundation-h265: 746d11721c4dcdbdad8f713fa42b33f4 -> 
  custom:audio-encoder-webm-vorbis: bf7c407c2cedff20999df2af8eb42d56 -> 
  custom:framework-win-MediaFoundation: 216162199b28c13a410421893ffa2e32 -> 
  custom:container-demuxer-ogg: 62fdf1f143b41e24485cea50d1cbac27 -> 
  custom:video-decoder-webm-vp8: 9c59270c3fd7afecdb556c50c9e8de78 -> 
  custom:audio-decoder-ogg-vorbis: bf7c407c2cedff20999df2af8eb42d56 -> 
========================================================================
Received Import Request.
  Time since last request: 451.678171 seconds.
  path: Assets/Sound Effects/Zap edit.wav
  artifactKey: Guid(95c5ec51ced652c47a8e4ee11a02032c) Importer(815301076,1909f56bfc062723c751e8b465ee728b)
Start importing Assets/Sound Effects/Zap edit.wav using Guid(95c5ec51ced652c47a8e4ee11a02032c) Importer(815301076,1909f56bfc062723c751e8b465ee728b)  -> (artifact id: 'c9ecd25aeb7c56e86c93e8f76c707e45') in 0.185814 seconds 
